  Source.cpp
c:\users\ramon\desktop\program\chicken invaders\chicken invaders\source.cpp(10): warning C4309: 'initializing': truncation of constant value
c:\users\ramon\desktop\program\chicken invaders\chicken invaders\source.cpp(20): warning C4309: '=': truncation of constant value
c:\users\ramon\desktop\program\chicken invaders\chicken invaders\source.cpp(23): warning C4309: '=': truncation of constant value
c:\users\ramon\desktop\program\chicken invaders\chicken invaders\source.cpp(28): warning C4309: '=': truncation of constant value
c:\users\ramon\desktop\program\chicken invaders\chicken invaders\source.cpp(29): warning C4309: '=': truncation of constant value
c:\users\ramon\desktop\program\chicken invaders\chicken invaders\source.cpp(30): warning C4309: '=': truncation of constant value
c:\users\ramon\desktop\program\chicken invaders\chicken invaders\source.cpp(31): warning C4309: '=': truncation of constant value
c:\users\ramon\desktop\program\chicken invaders\chicken invaders\source.cpp(38): warning C4309: '=': truncation of constant value
c:\users\ramon\desktop\program\chicken invaders\chicken invaders\source.cpp(39): warning C4309: '=': truncation of constant value
c:\users\ramon\desktop\program\chicken invaders\chicken invaders\source.cpp(40): warning C4309: '=': truncation of constant value
c:\users\ramon\desktop\program\chicken invaders\chicken invaders\source.cpp(41): warning C4309: '=': truncation of constant value
c:\users\ramon\desktop\program\chicken invaders\chicken invaders\source.cpp(42): warning C4309: '=': truncation of constant value
c:\users\ramon\desktop\program\chicken invaders\chicken invaders\source.cpp(43): warning C4309: '=': truncation of constant value
c:\users\ramon\desktop\program\chicken invaders\chicken invaders\source.cpp(44): warning C4309: '=': truncation of constant value
c:\users\ramon\desktop\program\chicken invaders\chicken invaders\source.cpp(45): warning C4309: '=': truncation of constant value
c:\users\ramon\desktop\program\chicken invaders\chicken invaders\source.cpp(46): warning C4309: '=': truncation of constant value
c:\users\ramon\desktop\program\chicken invaders\chicken invaders\source.cpp(47): warning C4309: '=': truncation of constant value
c:\users\ramon\desktop\program\chicken invaders\chicken invaders\source.cpp(48): warning C4309: '=': truncation of constant value
c:\users\ramon\desktop\program\chicken invaders\chicken invaders\source.cpp(49): warning C4309: '=': truncation of constant value
c:\users\ramon\desktop\program\chicken invaders\chicken invaders\source.cpp(85): warning C4996: 'getche': The POSIX name for this item is deprecated. Instead, use the ISO C and C++ conformant name: _getche. See online help for details.
  c:\program files (x86)\windows kits\10\include\10.0.10240.0\ucrt\conio.h(455): note: see declaration of 'getche'
  chicken invaders.vcxproj -> C:\Users\ramon\Desktop\program\chicken invaders\x64\Debug\chicken invaders.exe
  chicken invaders.vcxproj -> C:\Users\ramon\Desktop\program\chicken invaders\x64\Debug\chicken invaders.pdb (Full PDB)
